23:23:07.883 INFO - Launching a standalone server
Setting system property webdriver.chrome.driver to test-e2e/chromedriver
23:23:07.927 INFO - Java: Oracle Corporation 24.79-b02
23:23:07.927 INFO - OS: Mac OS X 10.10.4 x86_64
23:23:07.940 INFO - v2.44.0, with Core v2.44.0. Built from revision 76d78cf
23:23:08.038 INFO - Default driver org.openqa.selenium.ie.InternetExplorerDriver registration is skipped: registration capabilities Capabilities [{platform=WINDOWS, ensureCleanSession=true, browserName=internet explorer, version=}] does not match with current platform: MAC
23:23:08.083 INFO - RemoteWebDriver instances should connect to: http://127.0.0.1:4444/wd/hub
23:23:08.085 INFO - Version Jetty/5.1.x
23:23:08.085 INFO - Started HttpContext[/selenium-server/driver,/selenium-server/driver]
23:23:08.086 INFO - Started HttpContext[/selenium-server,/selenium-server]
23:23:08.086 INFO - Started HttpContext[/,/]
23:23:08.107 INFO - Started org.openqa.jetty.jetty.servlet.ServletHandler@623e2b64
23:23:08.107 INFO - Started HttpContext[/wd,/wd]
23:23:08.114 INFO - Started SocketListener on 0.0.0.0:4444
23:23:08.114 INFO - Started org.openqa.jetty.jetty.Server@5f1483a0
23:23:08.463 INFO - Executing: [new session: Capabilities [{platform=ANY, acceptSslCerts=true, javascriptEnabled=true, browserName=chrome, name=Add}]])
23:23:08.474 INFO - Creating a new session for Capabilities [{platform=ANY, acceptSslCerts=true, javascriptEnabled=true, browserName=chrome, name=Add}]
Starting ChromeDriver 2.20.353124 (035346203162d32c80f1dce587c8154a1efa0c3b) on port 18727
Only local connections are allowed.
23:23:10.618 INFO - Done: [new session: Capabilities [{platform=ANY, acceptSslCerts=true, javascriptEnabled=true, browserName=chrome, name=Add}]]
23:23:10.645 INFO - Executing: [get: http://localhost:9001])
23:23:11.442 INFO - Done: [get: http://localhost:9001]
23:23:11.456 INFO - Executing: [find elements: By.selector: body])
23:23:11.509 INFO - Done: [find elements: By.selector: body]
23:23:11.514 INFO - Executing: [is displayed: 0 [[ChromeDriver: chrome on MAC (08c287749365732ab90e148bbe451368)] -> css selector: body]])
23:23:11.532 INFO - Done: [is displayed: 0 [[ChromeDriver: chrome on MAC (08c287749365732ab90e148bbe451368)] -> css selector: body]]
23:23:11.538 INFO - Executing: [find element: By.selector: input[id=sumA]])
23:23:11.560 INFO - Done: [find element: By.selector: input[id=sumA]]
23:23:11.565 INFO - Executing: [send keys: 1 [[ChromeDriver: chrome on MAC (08c287749365732ab90e148bbe451368)] -> css selector: input[id=sumA]], [1, 0]])
23:23:11.646 INFO - Done: [send keys: 1 [[ChromeDriver: chrome on MAC (08c287749365732ab90e148bbe451368)] -> css selector: input[id=sumA]], [1, 0]]
23:23:11.653 INFO - Executing: [find element: By.selector: input[id=sumB]])
23:23:11.678 INFO - Done: [find element: By.selector: input[id=sumB]]
23:23:11.685 INFO - Executing: [send keys: 2 [[ChromeDriver: chrome on MAC (08c287749365732ab90e148bbe451368)] -> css selector: input[id=sumB]], [1, 0]])
23:23:11.738 INFO - Done: [send keys: 2 [[ChromeDriver: chrome on MAC (08c287749365732ab90e148bbe451368)] -> css selector: input[id=sumB]], [1, 0]]
23:23:11.744 INFO - Executing: [find element: By.selector: button[id=btnSum]])
23:23:11.771 INFO - Done: [find element: By.selector: button[id=btnSum]]
23:23:11.779 INFO - Executing: [click: 3 [[ChromeDriver: chrome on MAC (08c287749365732ab90e148bbe451368)] -> css selector: button[id=btnSum]]])
23:23:11.838 INFO - Done: [click: 3 [[ChromeDriver: chrome on MAC (08c287749365732ab90e148bbe451368)] -> css selector: button[id=btnSum]]]
23:23:32.855 INFO - Executing: [find element: By.selector: #resultSum])
23:23:32.886 INFO - Done: [find element: By.selector: #resultSum]
23:23:32.893 INFO - Executing: [get element attribute: 4 [[ChromeDriver: chrome on MAC (08c287749365732ab90e148bbe451368)] -> css selector: #resultSum], value])
23:23:32.909 INFO - Done: [get element attribute: 4 [[ChromeDriver: chrome on MAC (08c287749365732ab90e148bbe451368)] -> css selector: #resultSum], value]
23:23:32.921 INFO - Executing: [delete session: 34a0934d-7b5d-4896-8ab2-49921b808b64])
23:23:33.497 INFO - Done: [delete session: 34a0934d-7b5d-4896-8ab2-49921b808b64]
23:23:33.630 INFO - Executing: [new session: Capabilities [{platform=ANY, acceptSslCerts=true, javascriptEnabled=true, browserName=chrome, name=Div}]])
23:23:33.631 INFO - Creating a new session for Capabilities [{platform=ANY, acceptSslCerts=true, javascriptEnabled=true, browserName=chrome, name=Div}]
Starting ChromeDriver 2.20.353124 (035346203162d32c80f1dce587c8154a1efa0c3b) on port 38674
Only local connections are allowed.
23:23:35.272 INFO - Done: [new session: Capabilities [{platform=ANY, acceptSslCerts=true, javascriptEnabled=true, browserName=chrome, name=Div}]]
23:23:35.280 INFO - Executing: [get: http://localhost:9001])
23:23:35.763 INFO - Done: [get: http://localhost:9001]
23:23:35.772 INFO - Executing: [find elements: By.selector: body])
23:23:35.809 INFO - Done: [find elements: By.selector: body]
23:23:35.817 INFO - Executing: [is displayed: 0 [[ChromeDriver: chrome on MAC (6d0d65e3a1c9ad400320f2aa7c3e52fa)] -> css selector: body]])
23:23:35.840 INFO - Done: [is displayed: 0 [[ChromeDriver: chrome on MAC (6d0d65e3a1c9ad400320f2aa7c3e52fa)] -> css selector: body]]
23:23:35.845 INFO - Executing: [find element: By.selector: input[id=divA]])
23:23:35.867 INFO - Done: [find element: By.selector: input[id=divA]]
23:23:35.871 INFO - Executing: [send keys: 1 [[ChromeDriver: chrome on MAC (6d0d65e3a1c9ad400320f2aa7c3e52fa)] -> css selector: input[id=divA]], [1, 0, 0]])
23:23:35.954 INFO - Done: [send keys: 1 [[ChromeDriver: chrome on MAC (6d0d65e3a1c9ad400320f2aa7c3e52fa)] -> css selector: input[id=divA]], [1, 0, 0]]
23:23:35.963 INFO - Executing: [find element: By.selector: input[id=divB]])
23:23:35.988 INFO - Done: [find element: By.selector: input[id=divB]]
23:23:35.994 INFO - Executing: [send keys: 2 [[ChromeDriver: chrome on MAC (6d0d65e3a1c9ad400320f2aa7c3e52fa)] -> css selector: input[id=divB]], [5]])
23:23:36.047 INFO - Done: [send keys: 2 [[ChromeDriver: chrome on MAC (6d0d65e3a1c9ad400320f2aa7c3e52fa)] -> css selector: input[id=divB]], [5]]
23:23:36.055 INFO - Executing: [find element: By.selector: button[id=btnDiv]])
23:23:36.081 INFO - Done: [find element: By.selector: button[id=btnDiv]]
23:23:36.086 INFO - Executing: [click: 3 [[ChromeDriver: chrome on MAC (6d0d65e3a1c9ad400320f2aa7c3e52fa)] -> css selector: button[id=btnDiv]]])
23:23:36.139 INFO - Done: [click: 3 [[ChromeDriver: chrome on MAC (6d0d65e3a1c9ad400320f2aa7c3e52fa)] -> css selector: button[id=btnDiv]]]
23:23:57.149 INFO - Executing: [find element: By.selector: #resultDiv])
23:23:57.170 INFO - Done: [find element: By.selector: #resultDiv]
23:23:57.174 INFO - Executing: [get element attribute: 4 [[ChromeDriver: chrome on MAC (6d0d65e3a1c9ad400320f2aa7c3e52fa)] -> css selector: #resultDiv], value])
23:23:57.187 INFO - Done: [get element attribute: 4 [[ChromeDriver: chrome on MAC (6d0d65e3a1c9ad400320f2aa7c3e52fa)] -> css selector: #resultDiv], value]
23:23:57.192 INFO - Executing: [delete session: 6ea6c963-6813-4b7e-92b2-ec9b77e1f6a3])
23:23:57.764 INFO - Done: [delete session: 6ea6c963-6813-4b7e-92b2-ec9b77e1f6a3]
